<?xml version="1.0" encoding="UTF-8"?>
<!-- Generated by org.testng.reporters.JUnitReportReporter -->
<testsuite ignored="0" hostname="Edgars-MacBook-Air.local" failures="0" tests="1" name="prueba.NewTestSel" time="8.563" errors="0" timestamp="31 ago. 2022 05:58:55 GMT" skipped="0">
  <testcase classname="prueba.NewTestSel" name="testsel" time="8.563"/>
</testsuite> <!-- prueba.NewTestSel -->
