<?xml version="1.0" encoding="UTF-8"?>
<!-- Generated by org.testng.reporters.JUnitReportReporter -->
<testsuite ignored="0" hostname="Edgars-MacBook-Air.local" failures="0" tests="1" name="testCases_Search.TC_01_SearchBlouse" time="2.500" errors="0" timestamp="01 oct. 2022 13:37:18 GMT" skipped="0">
  <testcase classname="testCases_Search.TC_01_SearchBlouse" name="TC_01" time="2.500"/>
</testsuite> <!-- testCases_Search.TC_01_SearchBlouse -->
