<?xml version="1.0" encoding="UTF-8"?>
<!-- Generated by org.testng.reporters.JUnitReportReporter -->
<testsuite ignored="0" hostname="Edgars-MacBook-Air.local" failures="0" tests="1" name="testCases_Search.TC_05_SearchExcel" time="4.521" errors="0" timestamp="01 oct. 2022 14:58:38 GMT" skipped="0">
  <testcase classname="testCases_Search.TC_05_SearchExcel" name="TC_05" time="4.521"/>
</testsuite> <!-- testCases_Search.TC_05_SearchExcel -->
