<?xml version="1.0" encoding="UTF-8"?>
<!-- Generated by org.testng.reporters.JUnitReportReporter -->
<testsuite ignored="0" hostname="Edgars-MacBook-Air.local" failures="0" tests="1" name="prueba.NewTestSel" time="8.759" errors="0" timestamp="27 ago. 2022 15:23:18 GMT" skipped="0">
  <testcase classname="prueba.NewTestSel" name="testsel" time="8.759"/>
</testsuite> <!-- prueba.NewTestSel -->
