<?xml version="1.0" encoding="UTF-8"?>
<!-- Generated by org.testng.reporters.JUnitReportReporter -->
<testsuite ignored="0" hostname="Edgars-MacBook-Air.local" failures="0" tests="1" name="testCases_Search.TC_01_SearchDress" time="5.900" errors="0" timestamp="24 sep. 2022 16:39:32 GMT" skipped="0">
  <testcase classname="testCases_Search.TC_01_SearchDress" name="TC_01" time="5.900"/>
</testsuite> <!-- testCases_Search.TC_01_SearchDress -->
