<?xml version="1.0" encoding="UTF-8"?>
<!-- Generated by org.testng.reporters.JUnitReportReporter -->
<testsuite ignored="0" hostname="Edgars-MacBook-Air.local" failures="0" tests="1" name="prueba.TestHardAssert" time="10.386" errors="0" timestamp="24 sep. 2022 13:50:23 GMT" skipped="0">
  <testcase classname="prueba.TestHardAssert" name="verificarTitutloDePagina" time="10.386"/>
</testsuite> <!-- prueba.TestHardAssert -->
