<?xml version="1.0" encoding="UTF-8"?>
<!-- Generated by org.testng.reporters.JUnitReportReporter -->
<testsuite ignored="0" hostname="Edgars-MacBook-Air.local" failures="0" tests="1" name="testCases_Search.TC_04_SearchJSON" time="3.979" errors="0" timestamp="01 oct. 2022 14:19:48 GMT" skipped="0">
  <testcase classname="testCases_Search.TC_04_SearchJSON" name="TC_04" time="3.979"/>
</testsuite> <!-- testCases_Search.TC_04_SearchJSON -->
